-- The C compiler identification is GNU 7.5.0
-- The CXX compiler identification is GNU 7.5.0
-- Check for working C compiler: /usr/bin/cc
-- Check for working C compiler: /usr/bin/cc -- works
-- Detecting C compiler ABI info
-- Detecting C compiler ABI info - done
-- Detecting C compile features
-- Detecting C compile features - done
-- Check for working CXX compiler: /usr/bin/c++
-- Check for working CXX compiler: /usr/bin/c++ -- works
-- Detecting CXX compiler ABI info
-- Detecting CXX compiler ABI info - done
-- Detecting CXX compile features
-- Detecting CXX compile features - done
-- UNIX_DOMAIN_SOCKET_SERVER: Off
-- UNIX_DOMAIN_SOCKET_CLIENT: Off
-- TCP_SOCKET_SERVER: NO
-- TCP_SOCKET_CLIENT: NO
-- HTTP_SERVER: On
-- HTTP_CLIENT: off
-- UNIXDOMAINSOCKET_SERVER: Off
-- UNIXDOMAINSOCKET_CLIENT: Off
-- COMPILE_TESTS: Off
-- COMPILE_STUBGEN: Off
-- COMPILE_EXAMPLES: Off
-- Jsoncpp header: /home/ubuntu/ex_sharding/deps/include
-- Jsoncpp lib   : /home/ubuntu/ex_sharding/deps/lib/libjsoncpp.a
-- Jsoncpp prefix: json
-- Threads: 
-- MHD header: /home/ubuntu/ex_sharding/deps/src/mhd/src/include
-- MHD lib   : /home/ubuntu/ex_sharding/deps/src/mhd/src/microhttpd/.libs/libmicrohttpd.a
-- Could NOT find Doxygen (missing: DOXYGEN_EXECUTABLE) 
-- Configuring done
-- Generating done
-- Build files have been written to: /home/ubuntu/ex_sharding/deps/src/jsonrpccpp-build
