In file included from /home/ubuntu/ex_sharding/deps/src/jsonrpccpp/src/jsonrpccpp/common/specificationparser.cpp:10:0:
/home/ubuntu/ex_sharding/deps/src/jsonrpccpp/src/jsonrpccpp/common/specificationparser.h:21:97: warning: dynamic exception specifications are deprecated in C++11 [-Wdeprecated]
             static std::vector<Procedure> GetProceduresFromFile(const std::string& filename)    throw (JsonRpcException);
                                                                                                 ^~~~~
/home/ubuntu/ex_sharding/deps/src/jsonrpccpp/src/jsonrpccpp/common/specificationparser.h:22:97: warning: dynamic exception specifications are deprecated in C++11 [-Wdeprecated]
             static std::vector<Procedure> GetProceduresFromString(const std::string& spec)      throw (JsonRpcException);
                                                                                                 ^~~~~
/home/ubuntu/ex_sharding/deps/src/jsonrpccpp/src/jsonrpccpp/common/specificationparser.cpp:18:90: warning: dynamic exception specifications are deprecated in C++11 [-Wdeprecated]
 vector<Procedure>   SpecificationParser::GetProceduresFromFile  (const string &filename) throw(JsonRpcException)
                                                                                          ^~~~~
/home/ubuntu/ex_sharding/deps/src/jsonrpccpp/src/jsonrpccpp/common/specificationparser.cpp:24:89: warning: dynamic exception specifications are deprecated in C++11 [-Wdeprecated]
 vector<Procedure>   SpecificationParser::GetProceduresFromString(const string &content) throw(JsonRpcException)
                                                                                         ^~~~~
In file included from /home/ubuntu/ex_sharding/deps/src/jsonrpccpp/src/jsonrpccpp/client/client.h:13:0,
                 from /home/ubuntu/ex_sharding/deps/src/jsonrpccpp/src/jsonrpccpp/client/rpcprotocolclient.h:16,
                 from /home/ubuntu/ex_sharding/deps/src/jsonrpccpp/src/jsonrpccpp/client/batchcall.cpp:11:
/home/ubuntu/ex_sharding/deps/src/jsonrpccpp/src/jsonrpccpp/client/iclientconnector.h:23:90: warning: dynamic exception specifications are deprecated in C++11 [-Wdeprecated]
             virtual void SendRPCMessage(const std::string& message, std::string& result) throw(JsonRpcException) = 0;
                                                                                          ^~~~~
In file included from /home/ubuntu/ex_sharding/deps/src/jsonrpccpp/src/jsonrpccpp/client/rpcprotocolclient.h:16:0,
                 from /home/ubuntu/ex_sharding/deps/src/jsonrpccpp/src/jsonrpccpp/client/batchcall.cpp:11:
/home/ubuntu/ex_sharding/deps/src/jsonrpccpp/src/jsonrpccpp/client/client.h:33:122: warning: dynamic exception specifications are deprecated in C++11 [-Wdeprecated]
             void        CallMethod          (const std::string &name, const Json::Value &parameter, Json::Value& result) throw (JsonRpcException);
                                                                                                                          ^~~~~
In file included from /home/ubuntu/ex_sharding/deps/src/jsonrpccpp/src/jsonrpccpp/client/rpcprotocolclient.h:16:0,
                 from /home/ubuntu/ex_sharding/deps/src/jsonrpccpp/src/jsonrpccpp/client/batchcall.cpp:11:
/home/ubuntu/ex_sharding/deps/src/jsonrpccpp/src/jsonrpccpp/client/client.h:34:101: warning: dynamic exception specifications are deprecated in C++11 [-Wdeprecated]
             Json::Value CallMethod          (const std::string &name, const Json::Value &parameter) throw (JsonRpcException);
                                                                                                     ^~~~~
/home/ubuntu/ex_sharding/deps/src/jsonrpccpp/src/jsonrpccpp/client/client.h:36:98: warning: dynamic exception specifications are deprecated in C++11 [-Wdeprecated]
             void           CallProcedures      (const BatchCall &calls, BatchResponse &response) throw (JsonRpcException);
                                                                                                  ^~~~~
/home/ubuntu/ex_sharding/deps/src/jsonrpccpp/src/jsonrpccpp/client/client.h:37:73: warning: dynamic exception specifications are deprecated in C++11 [-Wdeprecated]
             BatchResponse  CallProcedures      (const BatchCall &calls) throw (JsonRpcException);
                                                                         ^~~~~
/home/ubuntu/ex_sharding/deps/src/jsonrpccpp/src/jsonrpccpp/client/client.h:39:101: warning: dynamic exception specifications are deprecated in C++11 [-Wdeprecated]
             void        CallNotification    (const std::string& name, const Json::Value& parameter) throw (JsonRpcException);
                                                                                                     ^~~~~
In file included from /home/ubuntu/ex_sharding/deps/src/jsonrpccpp/src/jsonrpccpp/client/batchcall.cpp:11:0:
/home/ubuntu/ex_sharding/deps/src/jsonrpccpp/src/jsonrpccpp/client/rpcprotocolclient.h:53:83: warning: dynamic exception specifications are deprecated in C++11 [-Wdeprecated]
             void HandleResponse(const std::string &response, Json::Value &result) throw (JsonRpcException);
                                                                                   ^~~~~
/home/ubuntu/ex_sharding/deps/src/jsonrpccpp/src/jsonrpccpp/client/rpcprotocolclient.h:61:90: warning: dynamic exception specifications are deprecated in C++11 [-Wdeprecated]
             Json::Value HandleResponse(const Json::Value &response, Json::Value &result) throw (JsonRpcException);
                                                                                          ^~~~~
In file included from /home/ubuntu/ex_sharding/deps/src/jsonrpccpp/src/jsonrpccpp/client/client.h:13:0,
                 from /home/ubuntu/ex_sharding/deps/src/jsonrpccpp/src/jsonrpccpp/client/client.cpp:10:
/home/ubuntu/ex_sharding/deps/src/jsonrpccpp/src/jsonrpccpp/client/iclientconnector.h:23:90: warning: dynamic exception specifications are deprecated in C++11 [-Wdeprecated]
             virtual void SendRPCMessage(const std::string& message, std::string& result) throw(JsonRpcException) = 0;
                                                                                          ^~~~~
In file included from /home/ubuntu/ex_sharding/deps/src/jsonrpccpp/src/jsonrpccpp/client/client.cpp:10:0:
/home/ubuntu/ex_sharding/deps/src/jsonrpccpp/src/jsonrpccpp/client/client.h:33:122: warning: dynamic exception specifications are deprecated in C++11 [-Wdeprecated]
             void        CallMethod          (const std::string &name, const Json::Value &parameter, Json::Value& result) throw (JsonRpcException);
                                                                                                                          ^~~~~
In file included from /home/ubuntu/ex_sharding/deps/src/jsonrpccpp/src/jsonrpccpp/client/client.cpp:10:0:
/home/ubuntu/ex_sharding/deps/src/jsonrpccpp/src/jsonrpccpp/client/client.h:34:101: warning: dynamic exception specifications are deprecated in C++11 [-Wdeprecated]
             Json::Value CallMethod          (const std::string &name, const Json::Value &parameter) throw (JsonRpcException);
                                                                                                     ^~~~~
/home/ubuntu/ex_sharding/deps/src/jsonrpccpp/src/jsonrpccpp/client/client.h:36:98: warning: dynamic exception specifications are deprecated in C++11 [-Wdeprecated]
             void           CallProcedures      (const BatchCall &calls, BatchResponse &response) throw (JsonRpcException);
                                                                                                  ^~~~~
/home/ubuntu/ex_sharding/deps/src/jsonrpccpp/src/jsonrpccpp/client/client.h:37:73: warning: dynamic exception specifications are deprecated in C++11 [-Wdeprecated]
             BatchResponse  CallProcedures      (const BatchCall &calls) throw (JsonRpcException);
                                                                         ^~~~~
/home/ubuntu/ex_sharding/deps/src/jsonrpccpp/src/jsonrpccpp/client/client.h:39:101: warning: dynamic exception specifications are deprecated in C++11 [-Wdeprecated]
             void        CallNotification    (const std::string& name, const Json::Value& parameter) throw (JsonRpcException);
                                                                                                     ^~~~~
In file included from /home/ubuntu/ex_sharding/deps/src/jsonrpccpp/src/jsonrpccpp/client/client.cpp:11:0:
/home/ubuntu/ex_sharding/deps/src/jsonrpccpp/src/jsonrpccpp/client/rpcprotocolclient.h:53:83: warning: dynamic exception specifications are deprecated in C++11 [-Wdeprecated]
             void HandleResponse(const std::string &response, Json::Value &result) throw (JsonRpcException);
                                                                                   ^~~~~
/home/ubuntu/ex_sharding/deps/src/jsonrpccpp/src/jsonrpccpp/client/rpcprotocolclient.h:61:90: warning: dynamic exception specifications are deprecated in C++11 [-Wdeprecated]
             Json::Value HandleResponse(const Json::Value &response, Json::Value &result) throw (JsonRpcException);
                                                                                          ^~~~~
/home/ubuntu/ex_sharding/deps/src/jsonrpccpp/src/jsonrpccpp/client/client.cpp:26:101: warning: dynamic exception specifications are deprecated in C++11 [-Wdeprecated]
 void Client::CallMethod(const std::string &name, const Json::Value &parameter, Json::Value& result) throw(JsonRpcException)
                                                                                                     ^~~~~
/home/ubuntu/ex_sharding/deps/src/jsonrpccpp/src/jsonrpccpp/client/client.cpp:34:76: warning: dynamic exception specifications are deprecated in C++11 [-Wdeprecated]
 void Client::CallProcedures(const BatchCall &calls, BatchResponse &result) throw(JsonRpcException)
                                                                            ^~~~~
/home/ubuntu/ex_sharding/deps/src/jsonrpccpp/src/jsonrpccpp/client/client.cpp:67:62: warning: dynamic exception specifications are deprecated in C++11 [-Wdeprecated]
 BatchResponse Client::CallProcedures(const BatchCall &calls) throw(JsonRpcException)
                                                              ^~~~~
/home/ubuntu/ex_sharding/deps/src/jsonrpccpp/src/jsonrpccpp/client/client.cpp:74:87: warning: dynamic exception specifications are deprecated in C++11 [-Wdeprecated]
 Json::Value Client::CallMethod(const std::string& name, const Json::Value& parameter) throw(JsonRpcException)
                                                                                       ^~~~~
/home/ubuntu/ex_sharding/deps/src/jsonrpccpp/src/jsonrpccpp/client/client.cpp:81:86: warning: dynamic exception specifications are deprecated in C++11 [-Wdeprecated]
 void Client::CallNotification(const std::string& name, const Json::Value& parameter) throw(JsonRpcException)
                                                                                      ^~~~~
In file included from /home/ubuntu/ex_sharding/deps/src/jsonrpccpp/src/jsonrpccpp/client/client.h:13:0,
                 from /home/ubuntu/ex_sharding/deps/src/jsonrpccpp/src/jsonrpccpp/client/rpcprotocolclient.h:16,
                 from /home/ubuntu/ex_sharding/deps/src/jsonrpccpp/src/jsonrpccpp/client/rpcprotocolclient.cpp:10:
/home/ubuntu/ex_sharding/deps/src/jsonrpccpp/src/jsonrpccpp/client/iclientconnector.h:23:90: warning: dynamic exception specifications are deprecated in C++11 [-Wdeprecated]
             virtual void SendRPCMessage(const std::string& message, std::string& result) throw(JsonRpcException) = 0;
                                                                                          ^~~~~
In file included from /home/ubuntu/ex_sharding/deps/src/jsonrpccpp/src/jsonrpccpp/client/rpcprotocolclient.h:16:0,
                 from /home/ubuntu/ex_sharding/deps/src/jsonrpccpp/src/jsonrpccpp/client/rpcprotocolclient.cpp:10:
/home/ubuntu/ex_sharding/deps/src/jsonrpccpp/src/jsonrpccpp/client/client.h:33:122: warning: dynamic exception specifications are deprecated in C++11 [-Wdeprecated]
             void        CallMethod          (const std::string &name, const Json::Value &parameter, Json::Value& result) throw (JsonRpcException);
                                                                                                                          ^~~~~
In file included from /home/ubuntu/ex_sharding/deps/src/jsonrpccpp/src/jsonrpccpp/client/rpcprotocolclient.h:16:0,
                 from /home/ubuntu/ex_sharding/deps/src/jsonrpccpp/src/jsonrpccpp/client/rpcprotocolclient.cpp:10:
/home/ubuntu/ex_sharding/deps/src/jsonrpccpp/src/jsonrpccpp/client/client.h:34:101: warning: dynamic exception specifications are deprecated in C++11 [-Wdeprecated]
             Json::Value CallMethod          (const std::string &name, const Json::Value &parameter) throw (JsonRpcException);
                                                                                                     ^~~~~
/home/ubuntu/ex_sharding/deps/src/jsonrpccpp/src/jsonrpccpp/client/client.h:36:98: warning: dynamic exception specifications are deprecated in C++11 [-Wdeprecated]
             void           CallProcedures      (const BatchCall &calls, BatchResponse &response) throw (JsonRpcException);
                                                                                                  ^~~~~
/home/ubuntu/ex_sharding/deps/src/jsonrpccpp/src/jsonrpccpp/client/client.h:37:73: warning: dynamic exception specifications are deprecated in C++11 [-Wdeprecated]
             BatchResponse  CallProcedures      (const BatchCall &calls) throw (JsonRpcException);
                                                                         ^~~~~
/home/ubuntu/ex_sharding/deps/src/jsonrpccpp/src/jsonrpccpp/client/client.h:39:101: warning: dynamic exception specifications are deprecated in C++11 [-Wdeprecated]
             void        CallNotification    (const std::string& name, const Json::Value& parameter) throw (JsonRpcException);
                                                                                                     ^~~~~
In file included from /home/ubuntu/ex_sharding/deps/src/jsonrpccpp/src/jsonrpccpp/client/rpcprotocolclient.cpp:10:0:
/home/ubuntu/ex_sharding/deps/src/jsonrpccpp/src/jsonrpccpp/client/rpcprotocolclient.h:53:83: warning: dynamic exception specifications are deprecated in C++11 [-Wdeprecated]
             void HandleResponse(const std::string &response, Json::Value &result) throw (JsonRpcException);
                                                                                   ^~~~~
/home/ubuntu/ex_sharding/deps/src/jsonrpccpp/src/jsonrpccpp/client/rpcprotocolclient.h:61:90: warning: dynamic exception specifications are deprecated in C++11 [-Wdeprecated]
             Json::Value HandleResponse(const Json::Value &response, Json::Value &result) throw (JsonRpcException);
                                                                                          ^~~~~
/home/ubuntu/ex_sharding/deps/src/jsonrpccpp/src/jsonrpccpp/client/rpcprotocolclient.cpp:39:90: warning: dynamic exception specifications are deprecated in C++11 [-Wdeprecated]
 void RpcProtocolClient::HandleResponse(const std::string &response, Json::Value& result) throw(JsonRpcException)
                                                                                          ^~~~~
/home/ubuntu/ex_sharding/deps/src/jsonrpccpp/src/jsonrpccpp/client/rpcprotocolclient.cpp:53:94: warning: dynamic exception specifications are deprecated in C++11 [-Wdeprecated]
 Json::Value RpcProtocolClient::HandleResponse(const Json::Value &value, Json::Value &result) throw(JsonRpcException)
                                                                                              ^~~~~
In file included from /home/ubuntu/ex_sharding/deps/src/jsonrpccpp/src/jsonrpccpp/server/connectors/httpserver.cpp:14:0:
/home/ubuntu/ex_sharding/deps/src/jsonrpccpp/src/jsonrpccpp/../jsonrpccpp/common/specificationparser.h:21:97: warning: dynamic exception specifications are deprecated in C++11 [-Wdeprecated]
             static std::vector<Procedure> GetProceduresFromFile(const std::string& filename)    throw (JsonRpcException);
                                                                                                 ^~~~~
/home/ubuntu/ex_sharding/deps/src/jsonrpccpp/src/jsonrpccpp/../jsonrpccpp/common/specificationparser.h:22:97: warning: dynamic exception specifications are deprecated in C++11 [-Wdeprecated]
             static std::vector<Procedure> GetProceduresFromString(const std::string& spec)      throw (JsonRpcException);
                                                                                                 ^~~~~
