This file contains any messages produced by compilers while
running configure, to aid debugging if configure makes a mistake.

It was created by libzdb configure 3.2, which was
generated by GNU Autoconf 2.69.  Invocation command line was

  $ ./configure --with-mysql=/home/qqf/test_spchain/ex_sharding/deps/src/mysqlclient/scripts/mysql_config --without-sqlite --without-postgresql --enable-shared=false --enable-protected

## --------- ##
## Platform. ##
## --------- ##

hostname = qqf-u16
uname -m = x86_64
uname -r = 4.15.0-142-generic
uname -s = Linux
uname -v = #146~16.04.1-Ubuntu SMP Tue Apr 13 09:27:15 UTC 2021

/usr/bin/uname -p = unknown
/bin/uname -X     = unknown

/bin/arch              = unknown
/usr/bin/arch -k       = unknown
/usr/convex/getsysinfo = unknown
/usr/bin/hostinfo      = unknown
/bin/machine           = unknown
/usr/bin/oslevel       = unknown
/bin/universe          = unknown

PATH: /opt/jdk1.8.0_281/bin
PATH: /home/qqf/bin
PATH: /home/qqf/.local/bin
PATH: /opt/jdk1.8.0_281/bin
PATH: /home/qqf/.cargo/bin
PATH: /home/qqf/bin
PATH: /home/qqf/.local/bin
PATH: /usr/local/sbin
PATH: /usr/local/bin
PATH: /usr/sbin
PATH: /usr/bin
PATH: /sbin
PATH: /bin
PATH: /usr/games
PATH: /usr/local/games
PATH: /snap/bin
PATH: /usr/local/go/bin
PATH: /home/qqf/.local/share/JetBrains/Toolbox/scripts
PATH: /usr/local/go/bin
PATH: /home/qqf/.local/share/JetBrains/Toolbox/scripts


## ----------- ##
## Core tests. ##
## ----------- ##

configure:2529: checking for a BSD-compatible install
configure:2597: result: /usr/bin/install -c
configure:2608: checking whether build environment is sane
configure:2663: result: yes
configure:2814: checking for a thread-safe mkdir -p
configure:2853: result: /bin/mkdir -p
configure:2860: checking for gawk
configure:2890: result: no
configure:2860: checking for mawk
configure:2876: found /usr/bin/mawk
configure:2887: result: mawk
configure:2898: checking whether make sets $(MAKE)
configure:2920: result: yes
configure:2949: checking whether make supports nested variables
configure:2966: result: yes
configure:3193: checking for gcc
configure:3209: found /usr/local/bin/gcc
configure:3220: result: gcc
configure:3449: checking for C compiler version
configure:3458: gcc --version >&5
gcc (GCC) 7.3.0
Copyright (C) 2017 Free Software Foundation, Inc.
This is free software; see the source for copying conditions.  There is NO
warranty; not even for MERCHANTABILITY or FITNESS FOR A PARTICULAR PURPOSE.

configure:3469: $? = 0
configure:3458: gcc -v >&5
Using built-in specs.
COLLECT_GCC=gcc
COLLECT_LTO_WRAPPER=/usr/local/libexec/gcc/x86_64-pc-linux-gnu/7.3.0/lto-wrapper
Target: x86_64-pc-linux-gnu
Configured with: ./configure --disable-multilib
Thread model: posix
gcc version 7.3.0 (GCC) 
configure:3469: $? = 0
configure:3458: gcc -V >&5
gcc: error: unrecognized command line option '-V'
gcc: fatal error: no input files
compilation terminated.
configure:3469: $? = 1
configure:3458: gcc -qversion >&5
gcc: error: unrecognized command line option '-qversion'; did you mean '--version'?
gcc: fatal error: no input files
compilation terminated.
configure:3469: $? = 1
configure:3489: checking whether the C compiler works
configure:3511: gcc    conftest.c  >&5
configure:3515: $? = 0
configure:3563: result: yes
configure:3566: checking for C compiler default output file name
configure:3568: result: a.out
configure:3574: checking for suffix of executables
configure:3581: gcc -o conftest    conftest.c  >&5
configure:3585: $? = 0
configure:3607: result: 
configure:3629: checking whether we are cross compiling
configure:3637: gcc -o conftest    conftest.c  >&5
configure:3641: $? = 0
configure:3648: ./conftest
configure:3652: $? = 0
configure:3667: result: no
configure:3672: checking for suffix of object files
configure:3694: gcc -c   conftest.c >&5
configure:3698: $? = 0
configure:3719: result: o
configure:3723: checking whether we are using the GNU C compiler
configure:3742: gcc -c   conftest.c >&5
configure:3742: $? = 0
configure:3751: result: yes
configure:3760: checking whether gcc accepts -g
configure:3780: gcc -c -g  conftest.c >&5
configure:3780: $? = 0
configure:3821: result: yes
configure:3838: checking for gcc option to accept ISO C89
configure:3901: gcc  -c -g -O2  conftest.c >&5
configure:3901: $? = 0
configure:3914: result: none needed
configure:3939: checking whether gcc understands -c and -o together
configure:3961: gcc -c conftest.c -o conftest2.o
configure:3964: $? = 0
configure:3961: gcc -c conftest.c -o conftest2.o
configure:3964: $? = 0
configure:3976: result: yes
configure:3996: checking whether make supports the include directive
configure:4011: make -f confmf.GNU && cat confinc.out
make[3]: Entering directory '/home/qqf/test_spchain/ex_sharding/deps/src/libzdb'
make[3]: Leaving directory '/home/qqf/test_spchain/ex_sharding/deps/src/libzdb'
this is the am__doit target
configure:4014: $? = 0
configure:4033: result: yes (GNU style)
configure:4058: checking dependency style of gcc
configure:4169: result: none
configure:4242: checking for g++
configure:4258: found /usr/local/bin/g++
configure:4269: result: g++
configure:4296: checking for C++ compiler version
configure:4305: g++ --version >&5
g++ (GCC) 7.3.0
Copyright (C) 2017 Free Software Foundation, Inc.
This is free software; see the source for copying conditions.  There is NO
warranty; not even for MERCHANTABILITY or FITNESS FOR A PARTICULAR PURPOSE.

configure:4316: $? = 0
configure:4305: g++ -v >&5
Using built-in specs.
COLLECT_GCC=g++
COLLECT_LTO_WRAPPER=/usr/local/libexec/gcc/x86_64-pc-linux-gnu/7.3.0/lto-wrapper
Target: x86_64-pc-linux-gnu
Configured with: ./configure --disable-multilib
Thread model: posix
gcc version 7.3.0 (GCC) 
configure:4316: $? = 0
configure:4305: g++ -V >&5
g++: error: unrecognized command line option '-V'
g++: fatal error: no input files
compilation terminated.
configure:4316: $? = 1
configure:4305: g++ -qversion >&5
g++: error: unrecognized command line option '-qversion'; did you mean '--version'?
g++: fatal error: no input files
compilation terminated.
configure:4316: $? = 1
configure:4320: checking whether we are using the GNU C++ compiler
configure:4339: g++ -c   conftest.cpp >&5
configure:4339: $? = 0
configure:4348: result: yes
configure:4357: checking whether g++ accepts -g
configure:4377: g++ -c -g  conftest.cpp >&5
configure:4377: $? = 0
configure:4418: result: yes
configure:4443: checking dependency style of g++
configure:4554: result: none
configure:4575: checking how to run the C preprocessor
configure:4606: gcc -E  conftest.c
configure:4606: $? = 0
configure:4620: gcc -E  conftest.c
conftest.c:12:10: fatal error: ac_nonexistent.h: No such file or directory
 #include <ac_nonexistent.h>
          ^~~~~~~~~~~~~~~~~~
compilation terminated.
configure:4620: $? = 1
configure: failed program was:
| /* confdefs.h */
| #define PACKAGE_NAME "libzdb"
| #define PACKAGE_TARNAME "libzdb"
| #define PACKAGE_VERSION "3.2"
| #define PACKAGE_STRING "libzdb 3.2"
| #define PACKAGE_BUGREPORT "bugs-libzdb@tildeslash.com"
| #define PACKAGE_URL ""
| #define PACKAGE "libzdb"
| #define VERSION "3.2"
| #define LINUX 1
| /* end confdefs.h.  */
| #include <ac_nonexistent.h>
configure:4645: result: gcc -E
configure:4665: gcc -E  conftest.c
configure:4665: $? = 0
configure:4679: gcc -E  conftest.c
conftest.c:12:10: fatal error: ac_nonexistent.h: No such file or directory
 #include <ac_nonexistent.h>
          ^~~~~~~~~~~~~~~~~~
compilation terminated.
configure:4679: $? = 1
configure: failed program was:
| /* confdefs.h */
| #define PACKAGE_NAME "libzdb"
| #define PACKAGE_TARNAME "libzdb"
| #define PACKAGE_VERSION "3.2"
| #define PACKAGE_STRING "libzdb 3.2"
| #define PACKAGE_BUGREPORT "bugs-libzdb@tildeslash.com"
| #define PACKAGE_URL ""
| #define PACKAGE "libzdb"
| #define VERSION "3.2"
| #define LINUX 1
| /* end confdefs.h.  */
| #include <ac_nonexistent.h>
configure:4708: checking for grep that handles long lines and -e
configure:4766: result: /bin/grep
configure:4771: checking for egrep
configure:4833: result: /bin/grep -E
configure:4839: checking whether gcc needs -traditional
configure:4873: result: no
configure:4882: checking for re2c
configure:4914: result: no
configure:4932: checking for flex
configure:4962: result: no
configure:4932: checking for lex
configure:4962: result: no
configure:5147: checking build system type
configure:5161: result: x86_64-pc-linux-gnu
configure:5181: checking host system type
configure:5194: result: x86_64-pc-linux-gnu
configure:5235: checking how to print strings
configure:5262: result: printf
configure:5283: checking for a sed that does not truncate output
configure:5347: result: /bin/sed
configure:5365: checking for fgrep
configure:5427: result: /bin/grep -F
configure:5462: checking for ld used by gcc
configure:5529: result: /usr/bin/ld
configure:5536: checking if the linker (/usr/bin/ld) is GNU ld
configure:5551: result: yes
configure:5563: checking for BSD- or MS-compatible name lister (nm)
configure:5617: result: /usr/bin/nm -B
configure:5747: checking the name lister (/usr/bin/nm -B) interface
configure:5754: gcc -c -g -O2  conftest.c >&5
configure:5757: /usr/bin/nm -B "conftest.o"
configure:5760: output
0000000000000000 B some_variable
configure:5767: result: BSD nm
configure:5770: checking whether ln -s works
configure:5774: result: yes
configure:5782: checking the maximum length of command line arguments
configure:5913: result: 1572864
configure:5961: checking how to convert x86_64-pc-linux-gnu file names to x86_64-pc-linux-gnu format
configure:6001: result: func_convert_file_noop
configure:6008: checking how to convert x86_64-pc-linux-gnu file names to toolchain format
configure:6028: result: func_convert_file_noop
configure:6035: checking for /usr/bin/ld option to reload object files
configure:6042: result: -r
configure:6116: checking for objdump
configure:6132: found /usr/bin/objdump
configure:6143: result: objdump
configure:6175: checking how to recognize dependent libraries
configure:6375: result: pass_all
configure:6460: checking for dlltool
configure:6490: result: no
configure:6520: checking how to associate runtime and link libraries
configure:6547: result: printf %s\n
configure:6607: checking for ar
configure:6623: found /usr/bin/ar
configure:6634: result: ar
configure:6671: checking for archiver @FILE support
configure:6688: gcc -c -g -O2  conftest.c >&5
configure:6688: $? = 0
configure:6691: ar cru libconftest.a @conftest.lst >&5
ar: `u' modifier ignored since `D' is the default (see `U')
configure:6694: $? = 0
configure:6699: ar cru libconftest.a @conftest.lst >&5
ar: `u' modifier ignored since `D' is the default (see `U')
ar: conftest.o: No such file or directory
configure:6702: $? = 1
configure:6714: result: @
configure:6772: checking for strip
configure:6788: found /usr/bin/strip
configure:6799: result: strip
configure:6871: checking for ranlib
configure:6887: found /usr/bin/ranlib
configure:6898: result: ranlib
configure:7000: checking command to parse /usr/bin/nm -B output from gcc object
configure:7153: gcc -c -g -O2  conftest.c >&5
configure:7156: $? = 0
configure:7160: /usr/bin/nm -B conftest.o \| sed -n -e 's/^.*[ ]\([ABCDGIRSTW][ABCDGIRSTW]*\)[ ][ ]*\([_A-Za-z][_A-Za-z0-9]*\)$/\1 \2 \2/p' | sed '/ __gnu_lto/d' \> conftest.nm
configure:7163: $? = 0
configure:7229: gcc -o conftest -g -O2   conftest.c conftstm.o >&5
configure:7232: $? = 0
configure:7270: result: ok
configure:7317: checking for sysroot
configure:7347: result: no
configure:7354: checking for a working dd
configure:7392: result: /bin/dd
configure:7396: checking how to truncate binary pipes
configure:7411: result: /bin/dd bs=4096 count=1
configure:7547: gcc -c -g -O2  conftest.c >&5
configure:7550: $? = 0
configure:7740: checking for mt
configure:7756: found /bin/mt
configure:7767: result: mt
configure:7790: checking if mt is a manifest tool
configure:7796: mt '-?'
configure:7804: result: no
configure:8476: checking for ANSI C header files
configure:8496: gcc -c -g -O2  conftest.c >&5
configure:8496: $? = 0
configure:8569: gcc -o conftest -g -O2   conftest.c  >&5
configure:8569: $? = 0
configure:8569: ./conftest
configure:8569: $? = 0
configure:8580: result: yes
configure:8593: checking for sys/types.h
configure:8593: gcc -c -g -O2  conftest.c >&5
configure:8593: $? = 0
configure:8593: result: yes
configure:8593: checking for sys/stat.h
configure:8593: gcc -c -g -O2  conftest.c >&5
configure:8593: $? = 0
configure:8593: result: yes
configure:8593: checking for stdlib.h
configure:8593: gcc -c -g -O2  conftest.c >&5
configure:8593: $? = 0
configure:8593: result: yes
configure:8593: checking for string.h
configure:8593: gcc -c -g -O2  conftest.c >&5
configure:8593: $? = 0
configure:8593: result: yes
configure:8593: checking for memory.h
configure:8593: gcc -c -g -O2  conftest.c >&5
configure:8593: $? = 0
configure:8593: result: yes
configure:8593: checking for strings.h
configure:8593: gcc -c -g -O2  conftest.c >&5
configure:8593: $? = 0
configure:8593: result: yes
configure:8593: checking for inttypes.h
configure:8593: gcc -c -g -O2  conftest.c >&5
configure:8593: $? = 0
configure:8593: result: yes
configure:8593: checking for stdint.h
configure:8593: gcc -c -g -O2  conftest.c >&5
configure:8593: $? = 0
configure:8593: result: yes
configure:8593: checking for unistd.h
configure:8593: gcc -c -g -O2  conftest.c >&5
configure:8593: $? = 0
configure:8593: result: yes
configure:8607: checking for dlfcn.h
configure:8607: gcc -c -g -O2  conftest.c >&5
configure:8607: $? = 0
configure:8607: result: yes
configure:8874: checking for objdir
configure:8889: result: .libs
configure:9153: checking if gcc supports -fno-rtti -fno-exceptions
configure:9171: gcc -c -g -O2  -fno-rtti -fno-exceptions conftest.c >&5
cc1: warning: command line option '-fno-rtti' is valid for C++/ObjC++ but not for C
configure:9175: $? = 0
configure:9188: result: no
configure:9546: checking for gcc option to produce PIC
configure:9553: result: -fPIC -DPIC
configure:9561: checking if gcc PIC flag -fPIC -DPIC works
configure:9579: gcc -c -g -O2  -fPIC -DPIC -DPIC conftest.c >&5
configure:9583: $? = 0
configure:9596: result: yes
configure:9625: checking if gcc static flag -static works
configure:9653: result: yes
configure:9668: checking if gcc supports -c -o file.o
configure:9689: gcc -c -g -O2  -o out/conftest2.o conftest.c >&5
configure:9693: $? = 0
configure:9715: result: yes
configure:9723: checking if gcc supports -c -o file.o
configure:9770: result: yes
configure:9803: checking whether the gcc linker (/usr/bin/ld -m elf_x86_64) supports shared libraries
configure:11062: result: yes
configure:11302: checking dynamic linker characteristics
configure:11883: gcc -o conftest -g -O2   -Wl,-rpath -Wl,/foo conftest.c  >&5
configure:11883: $? = 0
configure:12120: result: GNU/Linux ld.so
configure:12242: checking how to hardcode library paths into programs
configure:12267: result: immediate
configure:12815: checking whether stripping libraries is possible
configure:12820: result: yes
configure:12855: checking if libtool supports shared libraries
configure:12857: result: yes
configure:12860: checking whether to build shared libraries
configure:12885: result: no
configure:12888: checking whether to build static libraries
configure:12892: result: yes
configure:12915: checking how to run the C++ preprocessor
configure:12942: g++ -E  conftest.cpp
configure:12942: $? = 0
configure:12956: g++ -E  conftest.cpp
conftest.cpp:24:10: fatal error: ac_nonexistent.h: No such file or directory
 #include <ac_nonexistent.h>
          ^~~~~~~~~~~~~~~~~~
compilation terminated.
configure:12956: $? = 1
configure: failed program was:
| /* confdefs.h */
| #define PACKAGE_NAME "libzdb"
| #define PACKAGE_TARNAME "libzdb"
| #define PACKAGE_VERSION "3.2"
| #define PACKAGE_STRING "libzdb 3.2"
| #define PACKAGE_BUGREPORT "bugs-libzdb@tildeslash.com"
| #define PACKAGE_URL ""
| #define PACKAGE "libzdb"
| #define VERSION "3.2"
| #define LINUX 1
| #define STDC_HEADERS 1
| #define HAVE_SYS_TYPES_H 1
| #define HAVE_SYS_STAT_H 1
| #define HAVE_STDLIB_H 1
| #define HAVE_STRING_H 1
| #define HAVE_MEMORY_H 1
| #define HAVE_STRINGS_H 1
| #define HAVE_INTTYPES_H 1
| #define HAVE_STDINT_H 1
| #define HAVE_UNISTD_H 1
| #define HAVE_DLFCN_H 1
| #define LT_OBJDIR ".libs/"
| /* end confdefs.h.  */
| #include <ac_nonexistent.h>
configure:12981: result: g++ -E
configure:13001: g++ -E  conftest.cpp
configure:13001: $? = 0
configure:13015: g++ -E  conftest.cpp
conftest.cpp:24:10: fatal error: ac_nonexistent.h: No such file or directory
 #include <ac_nonexistent.h>
          ^~~~~~~~~~~~~~~~~~
compilation terminated.
configure:13015: $? = 1
configure: failed program was:
| /* confdefs.h */
| #define PACKAGE_NAME "libzdb"
| #define PACKAGE_TARNAME "libzdb"
| #define PACKAGE_VERSION "3.2"
| #define PACKAGE_STRING "libzdb 3.2"
| #define PACKAGE_BUGREPORT "bugs-libzdb@tildeslash.com"
| #define PACKAGE_URL ""
| #define PACKAGE "libzdb"
| #define VERSION "3.2"
| #define LINUX 1
| #define STDC_HEADERS 1
| #define HAVE_SYS_TYPES_H 1
| #define HAVE_SYS_STAT_H 1
| #define HAVE_STDLIB_H 1
| #define HAVE_STRING_H 1
| #define HAVE_MEMORY_H 1
| #define HAVE_STRINGS_H 1
| #define HAVE_INTTYPES_H 1
| #define HAVE_STDINT_H 1
| #define HAVE_UNISTD_H 1
| #define HAVE_DLFCN_H 1
| #define LT_OBJDIR ".libs/"
| /* end confdefs.h.  */
| #include <ac_nonexistent.h>
configure:13177: checking for ld used by g++
configure:13244: result: /usr/bin/ld -m elf_x86_64
configure:13251: checking if the linker (/usr/bin/ld -m elf_x86_64) is GNU ld
configure:13266: result: yes
configure:13321: checking whether the g++ linker (/usr/bin/ld -m elf_x86_64) supports shared libraries
configure:14394: result: yes
configure:14430: g++ -c -g -O2  conftest.cpp >&5
configure:14433: $? = 0
configure:14914: checking for g++ option to produce PIC
configure:14921: result: -fPIC -DPIC
configure:14929: checking if g++ PIC flag -fPIC -DPIC works
configure:14947: g++ -c -g -O2  -fPIC -DPIC -DPIC conftest.cpp >&5
configure:14951: $? = 0
configure:14964: result: yes
configure:14987: checking if g++ static flag -static works
configure:15015: result: yes
configure:15027: checking if g++ supports -c -o file.o
configure:15048: g++ -c -g -O2  -o out/conftest2.o conftest.cpp >&5
configure:15052: $? = 0
configure:15074: result: yes
configure:15079: checking if g++ supports -c -o file.o
configure:15126: result: yes
configure:15156: checking whether the g++ linker (/usr/bin/ld -m elf_x86_64) supports shared libraries
configure:15196: result: yes
configure:15337: checking dynamic linker characteristics
configure:16082: result: GNU/Linux ld.so
configure:16147: checking how to hardcode library paths into programs
configure:16172: result: immediate
configure:16480: checking setjmp is available
configure:16499: gcc -o conftest -g -O2   conftest.c  >&5
configure:16499: $? = 0
configure:16499: ./conftest
configure:16499: $? = 0
configure:16500: result: yes
configure:16513: result: 
configure:16517: checking vsnprintf is c11 conformant
configure:16537: gcc -o conftest -g -O2   conftest.c  >&5
configure:16537: $? = 0
configure:16537: ./conftest
configure:16537: $? = 0
configure:16538: result: yes
configure:16551: result: 
configure:16556: checking for timegm
configure:16556: gcc -o conftest -g -O2   conftest.c  >&5
configure:16556: $? = 0
configure:16556: result: yes
configure:16570: checking for library containing pthread_create
configure:16601: gcc -o conftest -g -O2   conftest.c  >&5
/tmp/cciBuR8V.o: In function `main':
/home/qqf/test_spchain/ex_sharding/deps/src/libzdb/conftest.c:37: undefined reference to `pthread_create'
collect2: error: ld returned 1 exit status
configure:16601: $? = 1
configure: failed program was:
| /* confdefs.h */
| #define PACKAGE_NAME "libzdb"
| #define PACKAGE_TARNAME "libzdb"
| #define PACKAGE_VERSION "3.2"
| #define PACKAGE_STRING "libzdb 3.2"
| #define PACKAGE_BUGREPORT "bugs-libzdb@tildeslash.com"
| #define PACKAGE_URL ""
| #define PACKAGE "libzdb"
| #define VERSION "3.2"
| #define LINUX 1
| #define STDC_HEADERS 1
| #define HAVE_SYS_TYPES_H 1
| #define HAVE_SYS_STAT_H 1
| #define HAVE_STDLIB_H 1
| #define HAVE_STRING_H 1
| #define HAVE_MEMORY_H 1
| #define HAVE_STRINGS_H 1
| #define HAVE_INTTYPES_H 1
| #define HAVE_STDINT_H 1
| #define HAVE_UNISTD_H 1
| #define HAVE_DLFCN_H 1
| #define LT_OBJDIR ".libs/"
| #define PACKAGE_PROTECTED 1
| #define HAVE_TIMEGM 1
| /* end confdefs.h.  */
| 
| /* Override any GCC internal prototype to avoid an error.
|    Use char because int might match the return type of a GCC
|    builtin and then its argument prototype would still apply.  */
| #ifdef __cplusplus
| extern "C"
| #endif
| char pthread_create ();
| int
| main ()
| {
| return pthread_create ();
|   ;
|   return 0;
| }
configure:16601: gcc -o conftest -g -O2   conftest.c -lpthread   >&5
configure:16601: $? = 0
configure:16618: result: -lpthread
configure:16683: checking for mysql
configure:16694: result: yes
configure:16697: checking for /home/qqf/test_spchain/ex_sharding/deps/src/mysqlclient/scripts/mysql_config
configure:16711: result: yes
configure:16736: checking mysql.h usability
configure:16736: gcc -c -g -O2 -I/home/qqf/test_spchain/ex_sharding/deps/include  conftest.c >&5
configure:16736: $? = 0
configure:16736: result: yes
configure:16736: checking mysql.h presence
configure:16736: gcc -E -I/home/qqf/test_spchain/ex_sharding/deps/include  conftest.c
configure:16736: $? = 0
configure:16736: result: yes
configure:16736: checking for mysql.h
configure:16736: result: yes
configure:16820: checking for postgresql
configure:16827: result: no
configure:16907: checking for SQLite3
configure:16914: result: no
configure:17325: checking for oracle
configure:17589: checking if Oracle support is enabled
configure:17603: result: no
configure:17636: checking for ANSI C header files
configure:17740: result: yes
configure:17753: checking for struct tm.tm_gmtoff
configure:17753: gcc -c -g -O2 -I/home/qqf/test_spchain/ex_sharding/deps/include  conftest.c >&5
configure:17753: $? = 0
configure:17753: result: yes
configure:17770: checking for an ANSI C-conforming const
configure:17836: gcc -c -g -O2 -I/home/qqf/test_spchain/ex_sharding/deps/include  conftest.c >&5
configure:17836: $? = 0
configure:17843: result: yes
configure:17851: checking whether byte ordering is bigendian
configure:17866: gcc -c -g -O2 -I/home/qqf/test_spchain/ex_sharding/deps/include  conftest.c >&5
conftest.c:31:9: error: unknown type name 'not'
         not a universal capable compiler
         ^~~
conftest.c:31:15: error: expected '=', ',', ';', 'asm' or '__attribute__' before 'universal'
         not a universal capable compiler
               ^~~~~~~~~
conftest.c:31:15: error: unknown type name 'universal'
configure:17866: $? = 1
configure: failed program was:
| /* confdefs.h */
| #define PACKAGE_NAME "libzdb"
| #define PACKAGE_TARNAME "libzdb"
| #define PACKAGE_VERSION "3.2"
| #define PACKAGE_STRING "libzdb 3.2"
| #define PACKAGE_BUGREPORT "bugs-libzdb@tildeslash.com"
| #define PACKAGE_URL ""
| #define PACKAGE "libzdb"
| #define VERSION "3.2"
| #define LINUX 1
| #define STDC_HEADERS 1
| #define HAVE_SYS_TYPES_H 1
| #define HAVE_SYS_STAT_H 1
| #define HAVE_STDLIB_H 1
| #define HAVE_STRING_H 1
| #define HAVE_MEMORY_H 1
| #define HAVE_STRINGS_H 1
| #define HAVE_INTTYPES_H 1
| #define HAVE_STDINT_H 1
| #define HAVE_UNISTD_H 1
| #define HAVE_DLFCN_H 1
| #define LT_OBJDIR ".libs/"
| #define PACKAGE_PROTECTED 1
| #define HAVE_TIMEGM 1
| #define HAVE_MYSQL_H 1
| #define HAVE_LIBMYSQLCLIENT 1
| #define STDC_HEADERS 1
| #define HAVE_STRUCT_TM_TM_GMTOFF 1
| /* end confdefs.h.  */
| #ifndef __APPLE_CC__
| 	       not a universal capable compiler
| 	     #endif
| 	     typedef int dummy;
| 
configure:17911: gcc -c -g -O2 -I/home/qqf/test_spchain/ex_sharding/deps/include  conftest.c >&5
configure:17911: $? = 0
configure:17929: gcc -c -g -O2 -I/home/qqf/test_spchain/ex_sharding/deps/include  conftest.c >&5
conftest.c: In function 'main':
conftest.c:37:4: error: unknown type name 'not'; did you mean 'ino_t'?
    not big endian
    ^~~
    ino_t
conftest.c:37:12: error: expected '=', ',', ';', 'asm' or '__attribute__' before 'endian'
    not big endian
            ^~~~~~
configure:17929: $? = 1
configure: failed program was:
| /* confdefs.h */
| #define PACKAGE_NAME "libzdb"
| #define PACKAGE_TARNAME "libzdb"
| #define PACKAGE_VERSION "3.2"
| #define PACKAGE_STRING "libzdb 3.2"
| #define PACKAGE_BUGREPORT "bugs-libzdb@tildeslash.com"
| #define PACKAGE_URL ""
| #define PACKAGE "libzdb"
| #define VERSION "3.2"
| #define LINUX 1
| #define STDC_HEADERS 1
| #define HAVE_SYS_TYPES_H 1
| #define HAVE_SYS_STAT_H 1
| #define HAVE_STDLIB_H 1
| #define HAVE_STRING_H 1
| #define HAVE_MEMORY_H 1
| #define HAVE_STRINGS_H 1
| #define HAVE_INTTYPES_H 1
| #define HAVE_STDINT_H 1
| #define HAVE_UNISTD_H 1
| #define HAVE_DLFCN_H 1
| #define LT_OBJDIR ".libs/"
| #define PACKAGE_PROTECTED 1
| #define HAVE_TIMEGM 1
| #define HAVE_MYSQL_H 1
| #define HAVE_LIBMYSQLCLIENT 1
| #define STDC_HEADERS 1
| #define HAVE_STRUCT_TM_TM_GMTOFF 1
| /* end confdefs.h.  */
| #include <sys/types.h>
| 		#include <sys/param.h>
| 
| int
| main ()
| {
| #if BYTE_ORDER != BIG_ENDIAN
| 		 not big endian
| 		#endif
| 
|   ;
|   return 0;
| }
configure:18057: result: no
configure:18096: gcc -c -Wno-pointer-sign -g -O2 -Wall -Wunused -Wno-unused-label -funsigned-char -std=gnu11 -I/home/qqf/test_spchain/ex_sharding/deps/include  conftest.c >&5
configure:18096: $? = 0
configure:18116: gcc -c -Wno-address -Wno-pointer-sign -g -O2 -Wall -Wunused -Wno-unused-label -funsigned-char -std=gnu11 -I/home/qqf/test_spchain/ex_sharding/deps/include  conftest.c >&5
configure:18116: $? = 0
configure:18241: checking that generated files are newer than configure
configure:18247: result: done
configure:18295: creating ./config.status

## ---------------------- ##
## Running config.status. ##
## ---------------------- ##

This file was extended by libzdb config.status 3.2, which was
generated by GNU Autoconf 2.69.  Invocation command line was

  CONFIG_FILES    = 
  CONFIG_HEADERS  = 
  CONFIG_LINKS    = 
  CONFIG_COMMANDS = 
  $ ./config.status 

on qqf-u16

config.status:1178: creating Makefile
config.status:1178: creating test/Makefile
config.status:1178: creating zdb.pc
config.status:1178: creating src/xconfig.h
config.status:1407: executing libtool_patch commands
config.status:1407: executing depfiles commands
config.status:1407: executing libtool commands

## ---------------- ##
## Cache variables. ##
## ---------------- ##

ac_cv_build=x86_64-pc-linux-gnu
ac_cv_c_bigendian=no
ac_cv_c_compiler_gnu=yes
ac_cv_c_const=yes
ac_cv_cxx_compiler_gnu=yes
ac_cv_env_CCC_set=
ac_cv_env_CCC_value=
ac_cv_env_CC_set=
ac_cv_env_CC_value=
ac_cv_env_CFLAGS_set=
ac_cv_env_CFLAGS_value=
ac_cv_env_CPPFLAGS_set=
ac_cv_env_CPPFLAGS_value=
ac_cv_env_CPP_set=
ac_cv_env_CPP_value=
ac_cv_env_CXXCPP_set=
ac_cv_env_CXXCPP_value=
ac_cv_env_CXXFLAGS_set=
ac_cv_env_CXXFLAGS_value=
ac_cv_env_CXX_set=
ac_cv_env_CXX_value=
ac_cv_env_LDFLAGS_set=
ac_cv_env_LDFLAGS_value=
ac_cv_env_LIBS_set=
ac_cv_env_LIBS_value=
ac_cv_env_LT_SYS_LIBRARY_PATH_set=
ac_cv_env_LT_SYS_LIBRARY_PATH_value=
ac_cv_env_build_alias_set=
ac_cv_env_build_alias_value=
ac_cv_env_host_alias_set=
ac_cv_env_host_alias_value=
ac_cv_env_target_alias_set=
ac_cv_env_target_alias_value=
ac_cv_file__home_qqf_test_spchain_ex_sharding_deps_src_mysqlclient_scripts_mysql_config=yes
ac_cv_func_timegm=yes
ac_cv_header_dlfcn_h=yes
ac_cv_header_inttypes_h=yes
ac_cv_header_memory_h=yes
ac_cv_header_mysql_h=yes
ac_cv_header_stdc=yes
ac_cv_header_stdint_h=yes
ac_cv_header_stdlib_h=yes
ac_cv_header_string_h=yes
ac_cv_header_strings_h=yes
ac_cv_header_sys_stat_h=yes
ac_cv_header_sys_types_h=yes
ac_cv_header_unistd_h=yes
ac_cv_host=x86_64-pc-linux-gnu
ac_cv_member_struct_tm_tm_gmtoff=yes
ac_cv_objext=o
ac_cv_path_EGREP='/bin/grep -E'
ac_cv_path_FGREP='/bin/grep -F'
ac_cv_path_GREP=/bin/grep
ac_cv_path_RE2C=no
ac_cv_path_SED=/bin/sed
ac_cv_path_install='/usr/bin/install -c'
ac_cv_path_lt_DD=/bin/dd
ac_cv_path_mkdir=/bin/mkdir
ac_cv_prog_AWK=mawk
ac_cv_prog_CPP='gcc -E'
ac_cv_prog_CXXCPP='g++ -E'
ac_cv_prog_ac_ct_AR=ar
ac_cv_prog_ac_ct_CC=gcc
ac_cv_prog_ac_ct_CXX=g++
ac_cv_prog_ac_ct_MANIFEST_TOOL=mt
ac_cv_prog_ac_ct_OBJDUMP=objdump
ac_cv_prog_ac_ct_RANLIB=ranlib
ac_cv_prog_ac_ct_STRIP=strip
ac_cv_prog_cc_c89=
ac_cv_prog_cc_g=yes
ac_cv_prog_cxx_g=yes
ac_cv_prog_gcc_traditional=no
ac_cv_prog_make_make_set=yes
ac_cv_search_pthread_create=-lpthread
am_cv_CC_dependencies_compiler_type=none
am_cv_CXX_dependencies_compiler_type=none
am_cv_make_support_nested_variables=yes
am_cv_prog_cc_c_o=yes
lt_cv_ar_at_file=@
lt_cv_deplibs_check_method=pass_all
lt_cv_file_magic_cmd='$MAGIC_CMD'
lt_cv_file_magic_test_file=
lt_cv_ld_reload_flag=-r
lt_cv_nm_interface='BSD nm'
lt_cv_objdir=.libs
lt_cv_path_LD=/usr/bin/ld
lt_cv_path_LDCXX='/usr/bin/ld -m elf_x86_64'
lt_cv_path_NM='/usr/bin/nm -B'
lt_cv_path_mainfest_tool=no
lt_cv_prog_compiler_c_o=yes
lt_cv_prog_compiler_c_o_CXX=yes
lt_cv_prog_compiler_pic='-fPIC -DPIC'
lt_cv_prog_compiler_pic_CXX='-fPIC -DPIC'
lt_cv_prog_compiler_pic_works=yes
lt_cv_prog_compiler_pic_works_CXX=yes
lt_cv_prog_compiler_rtti_exceptions=no
lt_cv_prog_compiler_static_works=yes
lt_cv_prog_compiler_static_works_CXX=yes
lt_cv_prog_gnu_ld=yes
lt_cv_prog_gnu_ldcxx=yes
lt_cv_sharedlib_from_linklib_cmd='printf %s\n'
lt_cv_shlibpath_overrides_runpath=no
lt_cv_sys_global_symbol_pipe='sed -n -e '\''s/^.*[	 ]\([ABCDGIRSTW][ABCDGIRSTW]*\)[	 ][	 ]*\([_A-Za-z][_A-Za-z0-9]*\)$/\1 \2 \2/p'\'' | sed '\''/ __gnu_lto/d'\'''
lt_cv_sys_global_symbol_to_c_name_address='sed -n -e '\''s/^: \(.*\) .*$/  {"\1", (void *) 0},/p'\'' -e '\''s/^[ABCDGIRSTW][ABCDGIRSTW]* .* \(.*\)$/  {"\1", (void *) \&\1},/p'\'''
lt_cv_sys_global_symbol_to_c_name_address_lib_prefix='sed -n -e '\''s/^: \(.*\) .*$/  {"\1", (void *) 0},/p'\'' -e '\''s/^[ABCDGIRSTW][ABCDGIRSTW]* .* \(lib.*\)$/  {"\1", (void *) \&\1},/p'\'' -e '\''s/^[ABCDGIRSTW][ABCDGIRSTW]* .* \(.*\)$/  {"lib\1", (void *) \&\1},/p'\'''
lt_cv_sys_global_symbol_to_cdecl='sed -n -e '\''s/^T .* \(.*\)$/extern int \1();/p'\'' -e '\''s/^[ABCDGIRSTW][ABCDGIRSTW]* .* \(.*\)$/extern char \1;/p'\'''
lt_cv_sys_global_symbol_to_import=
lt_cv_sys_max_cmd_len=1572864
lt_cv_to_host_file_cmd=func_convert_file_noop
lt_cv_to_tool_file_cmd=func_convert_file_noop
lt_cv_truncate_bin='/bin/dd bs=4096 count=1'

## ----------------- ##
## Output variables. ##
## ----------------- ##

ACLOCAL='${SHELL} /home/qqf/test_spchain/ex_sharding/deps/src/libzdb/config/missing aclocal-1.16'
AMDEPBACKSLASH='\'
AMDEP_FALSE='#'
AMDEP_TRUE=''
AMTAR='$${TAR-tar}'
AM_BACKSLASH='\'
AM_DEFAULT_V='$(AM_DEFAULT_VERBOSITY)'
AM_DEFAULT_VERBOSITY='1'
AM_V='$(V)'
AR='ar'
AUTOCONF='${SHELL} /home/qqf/test_spchain/ex_sharding/deps/src/libzdb/config/missing autoconf'
AUTOHEADER='${SHELL} /home/qqf/test_spchain/ex_sharding/deps/src/libzdb/config/missing autoheader'
AUTOMAKE='${SHELL} /home/qqf/test_spchain/ex_sharding/deps/src/libzdb/config/missing automake-1.16'
AWK='mawk'
CC='gcc'
CCDEPMODE='depmode=none'
CFLAGS='-Wno-address -Wno-pointer-sign -g -O2 -Wall -Wunused -Wno-unused-label -funsigned-char -std=gnu11'
CPP='gcc -E'
CPPFLAGS='-I/home/qqf/test_spchain/ex_sharding/deps/include '
CXX='g++'
CXXCPP='g++ -E'
CXXDEPMODE='depmode=none'
CXXFLAGS='-g -O2'
CYGPATH_W='echo'
DBCPPFLAGS=' -I/home/qqf/test_spchain/ex_sharding/deps/include'
DBLDFLAGS=' -L/home/qqf/test_spchain/ex_sharding/deps/lib -l '
DEFS='-DHAVE_CONFIG_H'
DEPDIR='.deps'
DLLTOOL='false'
DSYMUTIL=''
DUMPBIN=''
ECHO_C=''
ECHO_N='-n'
ECHO_T=''
EGREP='/bin/grep -E'
EXEEXT=''
FGREP='/bin/grep -F'
GREP='/bin/grep'
INSTALL_DATA='${INSTALL} -m 644'
INSTALL_PROGRAM='${INSTALL}'
INSTALL_SCRIPT='${INSTALL}'
INSTALL_STRIP_PROGRAM='$(install_sh) -c -s'
LD='/usr/bin/ld -m elf_x86_64'
LDFLAGS='-L/home/qqf/test_spchain/ex_sharding/deps/lib -l  '
LEX='${SHELL} /home/qqf/test_spchain/ex_sharding/deps/src/libzdb/config/missing flex'
LEXLIB=''
LEX_OUTPUT_ROOT=''
LIBOBJS=''
LIBS='-lpthread '
LIBTOOL='$(SHELL) $(top_builddir)/libtool'
LIPO=''
LN_S='ln -s'
LTLIBOBJS=''
LT_SYS_LIBRARY_PATH=''
MAKEINFO='${SHELL} /home/qqf/test_spchain/ex_sharding/deps/src/libzdb/config/missing makeinfo'
MANIFEST_TOOL=':'
MKDIR_P='/bin/mkdir -p'
MYSQLCONFIG='/home/qqf/test_spchain/ex_sharding/deps/src/mysqlclient/scripts/mysql_config'
NM='/usr/bin/nm -B'
NMEDIT=''
OBJDUMP='objdump'
OBJEXT='o'
ORACLE_OCI_CFLAGS=''
ORACLE_OCI_LDFLAGS=''
ORACLE_OCI_VERSION=''
OTOOL64=''
OTOOL=''
PACKAGE='libzdb'
PACKAGE_BUGREPORT='bugs-libzdb@tildeslash.com'
PACKAGE_NAME='libzdb'
PACKAGE_STRING='libzdb 3.2'
PACKAGE_TARNAME='libzdb'
PACKAGE_URL=''
PACKAGE_VERSION='3.2'
PATH_SEPARATOR=':'
PGCONFIG=''
RANLIB='ranlib'
RE2C='no'
SED='/bin/sed'
SET_MAKE=''
SHELL='/bin/bash'
STRIP='strip'
UNIT_TEST=''
VERSION='3.2'
WITH_MYSQL_FALSE='#'
WITH_MYSQL_TRUE=''
WITH_ORACLE_FALSE=''
WITH_ORACLE_TRUE='#'
WITH_POSTGRESQL_FALSE=''
WITH_POSTGRESQL_TRUE='#'
WITH_SQLITE_FALSE=''
WITH_SQLITE_TRUE='#'
WITH_ZILD_FALSE=''
WITH_ZILD_TRUE='#'
ac_ct_AR='ar'
ac_ct_CC='gcc'
ac_ct_CXX='g++'
ac_ct_DUMPBIN=''
am__EXEEXT_FALSE=''
am__EXEEXT_TRUE='#'
am__fastdepCC_FALSE=''
am__fastdepCC_TRUE='#'
am__fastdepCXX_FALSE=''
am__fastdepCXX_TRUE='#'
am__include='include'
am__isrc=''
am__leading_dot='.'
am__nodep='_no'
am__quote=''
am__tar='$${TAR-tar} chof - "$$tardir"'
am__untar='$${TAR-tar} xf -'
bindir='${exec_prefix}/bin'
build='x86_64-pc-linux-gnu'
build_alias=''
build_cpu='x86_64'
build_os='linux-gnu'
build_vendor='pc'
datadir='${datarootdir}'
datarootdir='${prefix}/share'
docdir='${datarootdir}/doc/${PACKAGE_TARNAME}'
dvidir='${docdir}'
exec_prefix='${prefix}'
host='x86_64-pc-linux-gnu'
host_alias=''
host_cpu='x86_64'
host_os='linux-gnu'
host_vendor='pc'
htmldir='${docdir}'
includedir='${prefix}/include'
infodir='${datarootdir}/info'
install_sh='${SHELL} /home/qqf/test_spchain/ex_sharding/deps/src/libzdb/config/install-sh'
libdir='${exec_prefix}/lib'
libexecdir='${exec_prefix}/libexec'
localedir='${datarootdir}/locale'
localstatedir='${prefix}/var'
mandir='${datarootdir}/man'
mkdir_p='$(MKDIR_P)'
oldincludedir='/usr/include'
pdfdir='${docdir}'
prefix='/usr/local'
program_transform_name='s,x,x,'
psdir='${docdir}'
sbindir='${exec_prefix}/sbin'
sharedstatedir='${prefix}/com'
sysconfdir='${prefix}/etc'
target_alias=''

## ----------- ##
## confdefs.h. ##
## ----------- ##

/* confdefs.h */
#define PACKAGE_NAME "libzdb"
#define PACKAGE_TARNAME "libzdb"
#define PACKAGE_VERSION "3.2"
#define PACKAGE_STRING "libzdb 3.2"
#define PACKAGE_BUGREPORT "bugs-libzdb@tildeslash.com"
#define PACKAGE_URL ""
#define PACKAGE "libzdb"
#define VERSION "3.2"
#define LINUX 1
#define STDC_HEADERS 1
#define HAVE_SYS_TYPES_H 1
#define HAVE_SYS_STAT_H 1
#define HAVE_STDLIB_H 1
#define HAVE_STRING_H 1
#define HAVE_MEMORY_H 1
#define HAVE_STRINGS_H 1
#define HAVE_INTTYPES_H 1
#define HAVE_STDINT_H 1
#define HAVE_UNISTD_H 1
#define HAVE_DLFCN_H 1
#define LT_OBJDIR ".libs/"
#define PACKAGE_PROTECTED 1
#define HAVE_TIMEGM 1
#define HAVE_MYSQL_H 1
#define HAVE_LIBMYSQLCLIENT 1
#define STDC_HEADERS 1
#define HAVE_STRUCT_TM_TM_GMTOFF 1

configure: exit 0
