Determining if the pthread_create exist failed with the following output:
Change Dir: /home/ubuntu/ex_sharding/CMakeFiles/CMakeTmp

Run Build Command:"/usr/bin/make" "cmTC_056c9/fast"
/usr/bin/make -f CMakeFiles/cmTC_056c9.dir/build.make CMakeFiles/cmTC_056c9.dir/build
make[1]: Entering directory '/home/ubuntu/ex_sharding/CMakeFiles/CMakeTmp'
Building C object CMakeFiles/cmTC_056c9.dir/CheckSymbolExists.c.o
/usr/bin/cc    -o CMakeFiles/cmTC_056c9.dir/CheckSymbolExists.c.o   -c /home/ubuntu/ex_sharding/CMakeFiles/CMakeTmp/CheckSymbolExists.c
Linking C executable cmTC_056c9
/usr/bin/cmake -E cmake_link_script CMakeFiles/cmTC_056c9.dir/link.txt --verbose=1
/usr/bin/cc      CMakeFiles/cmTC_056c9.dir/CheckSymbolExists.c.o  -o cmTC_056c9 
CMakeFiles/cmTC_056c9.dir/CheckSymbolExists.c.o: In function `main':
CheckSymbolExists.c:(.text+0x1b): undefined reference to `pthread_create'
collect2: error: ld returned 1 exit status
CMakeFiles/cmTC_056c9.dir/build.make:97: recipe for target 'cmTC_056c9' failed
make[1]: *** [cmTC_056c9] Error 1
make[1]: Leaving directory '/home/ubuntu/ex_sharding/CMakeFiles/CMakeTmp'
Makefile:126: recipe for target 'cmTC_056c9/fast' failed
make: *** [cmTC_056c9/fast] Error 2

File /home/ubuntu/ex_sharding/CMakeFiles/CMakeTmp/CheckSymbolExists.c:
/* */
#include <pthread.h>

int main(int argc, char** argv)
{
  (void)argv;
#ifndef pthread_create
  return ((int*)(&pthread_create))[argc];
#else
  (void)argc;
  return 0;
#endif
}

Determining if the function pthread_create exists in the pthreads failed with the following output:
Change Dir: /home/ubuntu/ex_sharding/CMakeFiles/CMakeTmp

Run Build Command:"/usr/bin/make" "cmTC_64878/fast"
/usr/bin/make -f CMakeFiles/cmTC_64878.dir/build.make CMakeFiles/cmTC_64878.dir/build
make[1]: Entering directory '/home/ubuntu/ex_sharding/CMakeFiles/CMakeTmp'
Building C object CMakeFiles/cmTC_64878.dir/CheckFunctionExists.c.o
/usr/bin/cc   -DCHECK_FUNCTION_EXISTS=pthread_create   -o CMakeFiles/cmTC_64878.dir/CheckFunctionExists.c.o   -c /usr/share/cmake-3.10/Modules/CheckFunctionExists.c
Linking C executable cmTC_64878
/usr/bin/cmake -E cmake_link_script CMakeFiles/cmTC_64878.dir/link.txt --verbose=1
/usr/bin/cc  -DCHECK_FUNCTION_EXISTS=pthread_create    CMakeFiles/cmTC_64878.dir/CheckFunctionExists.c.o  -o cmTC_64878 -lpthreads 
/usr/bin/ld: cannot find -lpthreads
collect2: error: ld returned 1 exit status
CMakeFiles/cmTC_64878.dir/build.make:97: recipe for target 'cmTC_64878' failed
make[1]: *** [cmTC_64878] Error 1
make[1]: Leaving directory '/home/ubuntu/ex_sharding/CMakeFiles/CMakeTmp'
Makefile:126: recipe for target 'cmTC_64878/fast' failed
make: *** [cmTC_64878/fast] Error 2


Performing C++ SOURCE FILE Test fstack-protector failed with the following output:
Change Dir: /home/ubuntu/ex_sharding/CMakeFiles/CMakeTmp

Run Build Command:"/usr/bin/make" "cmTC_ef0b1/fast"
/usr/bin/make -f CMakeFiles/cmTC_ef0b1.dir/build.make CMakeFiles/cmTC_ef0b1.dir/build
make[1]: Entering directory '/home/ubuntu/ex_sharding/CMakeFiles/CMakeTmp'
Building CXX object CMakeFiles/cmTC_ef0b1.dir/src.cxx.o
/usr/bin/c++    -std=c++14  -O0 -Wall -g2 -ggdb -Wtype-limits -Wsign-compare -Wno-dev -pthread -Dfstack-protector   -fstack-protector -o CMakeFiles/cmTC_ef0b1.dir/src.cxx.o -c /home/ubuntu/ex_sharding/CMakeFiles/CMakeTmp/src.cxx
<command-line>:0:7: warning: ISO C++11 requires whitespace after the macro name
cc1plus: warning: unrecognized command line option '-Wno-dev'
Linking CXX executable cmTC_ef0b1
/usr/bin/cmake -E cmake_link_script CMakeFiles/cmTC_ef0b1.dir/link.txt --verbose=1
/usr/bin/c++   -std=c++14  -O0 -Wall -g2 -ggdb -Wtype-limits -Wsign-compare -Wno-dev -pthread -Dfstack-protector    CMakeFiles/cmTC_ef0b1.dir/src.cxx.o  -o cmTC_ef0b1 
make[1]: Leaving directory '/home/ubuntu/ex_sharding/CMakeFiles/CMakeTmp'

Source file was:
int main() { return 0; }
Performing C++ SOURCE FILE Test Wimplicit-fallthrough failed with the following output:
Change Dir: /home/ubuntu/ex_sharding/CMakeFiles/CMakeTmp

Run Build Command:"/usr/bin/make" "cmTC_317d2/fast"
/usr/bin/make -f CMakeFiles/cmTC_317d2.dir/build.make CMakeFiles/cmTC_317d2.dir/build
make[1]: Entering directory '/home/ubuntu/ex_sharding/CMakeFiles/CMakeTmp'
Building CXX object CMakeFiles/cmTC_317d2.dir/src.cxx.o
/usr/bin/c++    -std=c++14  -O0 -Wall -g2 -ggdb -Wtype-limits -Wsign-compare -Wno-dev -pthread -DWimplicit-fallthrough   -Wimplicit-fallthrough -o CMakeFiles/cmTC_317d2.dir/src.cxx.o -c /home/ubuntu/ex_sharding/CMakeFiles/CMakeTmp/src.cxx
<command-line>:0:10: warning: ISO C++11 requires whitespace after the macro name
cc1plus: warning: unrecognized command line option '-Wno-dev'
Linking CXX executable cmTC_317d2
/usr/bin/cmake -E cmake_link_script CMakeFiles/cmTC_317d2.dir/link.txt --verbose=1
/usr/bin/c++   -std=c++14  -O0 -Wall -g2 -ggdb -Wtype-limits -Wsign-compare -Wno-dev -pthread -DWimplicit-fallthrough    CMakeFiles/cmTC_317d2.dir/src.cxx.o  -o cmTC_317d2 
make[1]: Leaving directory '/home/ubuntu/ex_sharding/CMakeFiles/CMakeTmp'

Source file was:
int main() { return 0; }
