...found 9 targets...
...updating 4 targets...
gcc.compile.c++ libs/config/checks/architecture/bin/gcc-7.3.0/debug/32.o
libs/config/checks/architecture/32.cpp:9:36: 错误：数组‘test’的大小为负
 int test[sizeof(void*) == 4? 1 : -1];
                                    ^

    "g++"   -fPIC -O0 -fno-inline -Wall -g -march=x86-64 -mtune=generic -fvisibility=hidden -fvisibility-inlines-hidden    -c -o "libs/config/checks/architecture/bin/gcc-7.3.0/debug/32.o" "libs/config/checks/architecture/32.cpp"

...failed gcc.compile.c++ libs/config/checks/architecture/bin/gcc-7.3.0/debug/32.o...
...failed updating 1 target...
...updated 3 targets...
...found 2 targets...
...updating 1 target...
gcc.compile.c++ libs/config/checks/architecture/bin/gcc-7.3.0/debug/64.o
...updated 1 target...
...found 2 targets...
...updating 1 target...
gcc.compile.c++ libs/config/checks/architecture/bin/gcc-7.3.0/debug/arm.o
libs/config/checks/architecture/arm.cpp:13:2: 错误：#error "Not ARM"
 #error "Not ARM"
  ^~~~~

    "g++"   -fPIC -O0 -fno-inline -Wall -g -march=x86-64 -mtune=generic -fvisibility=hidden -fvisibility-inlines-hidden    -c -o "libs/config/checks/architecture/bin/gcc-7.3.0/debug/arm.o" "libs/config/checks/architecture/arm.cpp"

...failed gcc.compile.c++ libs/config/checks/architecture/bin/gcc-7.3.0/debug/arm.o...
...failed updating 1 target...
...found 2 targets...
...updating 1 target...
gcc.compile.c++ libs/config/checks/architecture/bin/gcc-7.3.0/debug/mips1.o
libs/config/checks/architecture/mips1.cpp:10:2: 错误：#error "Not MIPS1"
 #error "Not MIPS1"
  ^~~~~

    "g++"   -fPIC -O0 -fno-inline -Wall -g -march=x86-64 -mtune=generic -fvisibility=hidden -fvisibility-inlines-hidden    -c -o "libs/config/checks/architecture/bin/gcc-7.3.0/debug/mips1.o" "libs/config/checks/architecture/mips1.cpp"

...failed gcc.compile.c++ libs/config/checks/architecture/bin/gcc-7.3.0/debug/mips1.o...
...failed updating 1 target...
...found 2 targets...
...updating 1 target...
gcc.compile.c++ libs/config/checks/architecture/bin/gcc-7.3.0/debug/power.o
libs/config/checks/architecture/power.cpp:13:2: 错误：#error "Not PPC"
 #error "Not PPC"
  ^~~~~

    "g++"   -fPIC -O0 -fno-inline -Wall -g -march=x86-64 -mtune=generic -fvisibility=hidden -fvisibility-inlines-hidden    -c -o "libs/config/checks/architecture/bin/gcc-7.3.0/debug/power.o" "libs/config/checks/architecture/power.cpp"

...failed gcc.compile.c++ libs/config/checks/architecture/bin/gcc-7.3.0/debug/power.o...
...failed updating 1 target...
...found 2 targets...
...updating 1 target...
gcc.compile.c++ libs/config/checks/architecture/bin/gcc-7.3.0/debug/sparc.o
libs/config/checks/architecture/sparc.cpp:10:2: 错误：#error "Not SPARC"
 #error "Not SPARC"
  ^~~~~

    "g++"   -fPIC -O0 -fno-inline -Wall -g -march=x86-64 -mtune=generic -fvisibility=hidden -fvisibility-inlines-hidden    -c -o "libs/config/checks/architecture/bin/gcc-7.3.0/debug/sparc.o" "libs/config/checks/architecture/sparc.cpp"

...failed gcc.compile.c++ libs/config/checks/architecture/bin/gcc-7.3.0/debug/sparc.o...
...failed updating 1 target...
...found 2 targets...
...updating 1 target...
gcc.compile.c++ libs/config/checks/architecture/bin/gcc-7.3.0/debug/x86.o
...updated 1 target...
...found 3 targets...
...updating 3 targets...
link.touch bin.v2/test-symlink-source
link.mklink bin.v2/test-symlink
...updated 3 targets...
...patience...
...found 214 targets...
...updating 8 targets...
gcc.compile.c++ bin.v2/libs/log/config/atomic-int32/gcc-7.3.0/debug/pch-off/atomic_int32.o
...updated 8 targets...
...found 7 targets...
...updating 5 targets...
gcc.compile.c++ bin.v2/libs/log/config/native-syslog/gcc-7.3.0/debug/pch-off/native_syslog.o
...updated 5 targets...
...found 6 targets...
...updating 5 targets...
gcc.compile.c++ bin.v2/libs/log/config/pthread-mutex-robust/gcc-7.3.0/debug/pch-off/pthread_mutex_robust.o
...updated 5 targets...
...found 6 targets...
...updating 5 targets...
gcc.compile.c++ bin.v2/libs/log/config/visibility/gcc-7.3.0/debug/pch-off/visibility.o
...updated 5 targets...
...found 7 targets...
...updating 5 targets...
gcc.compile.c++ bin.v2/libs/log/config/x86-ext/gcc-7.3.0/debug/pch-off/ssse3.o
...updated 5 targets...
...found 3 targets...
...updating 1 target...
gcc.compile.c++ bin.v2/libs/log/config/x86-ext/gcc-7.3.0/debug/pch-off/avx2.o
...updated 1 target...
...found 23 targets...
...updating 7 targets...
gcc.compile.c++ bin.v2/libs/regex/build/gcc-7.3.0/debug/has_icu_test.o
libs/regex/build/has_icu_test.cpp:12:10: 致命错误：unicode/uversion.h：没有那个文件或目录
 #include <unicode/uversion.h>
          ^~~~~~~~~~~~~~~~~~~~
编译中断。

    "g++"   -fPIC -m64 -O0 -fno-inline -Wall -pedantic -g -march=x86-64 -mtune=generic -fvisibility=hidden -fvisibility-inlines-hidden -DBOOST_ALL_NO_LIB=1 -DBOOST_HAS_ICU=1  -I"." -c -o "bin.v2/libs/regex/build/gcc-7.3.0/debug/has_icu_test.o" "libs/regex/build/has_icu_test.cpp"

...failed gcc.compile.c++ bin.v2/libs/regex/build/gcc-7.3.0/debug/has_icu_test.o...
...skipped <pbin.v2/libs/regex/build/gcc-7.3.0/debug>has_icu for lack of <pbin.v2/libs/regex/build/gcc-7.3.0/debug>has_icu_test.o...
...skipped <pbin.v2/libs/regex/build/gcc-7.3.0/debug>has_icu.passed for lack of <pbin.v2/libs/regex/build/gcc-7.3.0/debug>has_icu...
...failed updating 1 target...
...skipped 2 targets...
...updated 4 targets...
...found 75 targets...
...updating 14 targets...
gcc.compile.c++ bin.v2/libs/thread/build/gcc-7.3.0/debug/threading-multi/has_atomic_flag_lockfree_test.o
gcc.compile.c++ bin.v2/libs/system/build/gcc-7.3.0/debug/threading-multi/error_code.o
gcc.link.dll bin.v2/libs/system/build/gcc-7.3.0/debug/threading-multi/libboost_system.so.1.68.0
gcc.link bin.v2/libs/thread/build/gcc-7.3.0/debug/threading-multi/has_atomic_flag_lockfree
...updated 14 targets...
...found 162 targets...
...updating 7 targets...
gcc.compile.c++ bin.v2/check/predef/gcc-7.3.0/debug/address-model-64/architecture-x86/predef_check_cc_09a06289f4560e2f553bb0cbbec71436.o
...updated 7 targets...
...found 1 target...
...updating 1 target...
config-cache.write bin.v2/project-cache.jam
...updated 1 target...
