Determining if the pthread_create exist failed with the following output:
Change Dir: /home/qqf/test_spchain/ex_sharding/deps/src/jsonrpccpp-build/CMakeFiles/CMakeTmp

Run Build Command:"/usr/bin/make" "cmTC_11bee/fast"
make[3]: Entering directory '/home/qqf/test_spchain/ex_sharding/deps/src/jsonrpccpp-build/CMakeFiles/CMakeTmp'
/usr/bin/make -f CMakeFiles/cmTC_11bee.dir/build.make CMakeFiles/cmTC_11bee.dir/build
make[4]: Entering directory '/home/qqf/test_spchain/ex_sharding/deps/src/jsonrpccpp-build/CMakeFiles/CMakeTmp'
Building C object CMakeFiles/cmTC_11bee.dir/CheckSymbolExists.c.o
/usr/bin/cc    -fvisibility=hidden  -fPIE   -o CMakeFiles/cmTC_11bee.dir/CheckSymbolExists.c.o   -c /home/qqf/test_spchain/ex_sharding/deps/src/jsonrpccpp-build/CMakeFiles/CMakeTmp/CheckSymbolExists.c
Linking C executable cmTC_11bee
/usr/bin/cmake -E cmake_link_script CMakeFiles/cmTC_11bee.dir/link.txt --verbose=1
/usr/bin/cc  -fvisibility=hidden     CMakeFiles/cmTC_11bee.dir/CheckSymbolExists.c.o  -o cmTC_11bee -rdynamic 
CMakeFiles/cmTC_11bee.dir/CheckSymbolExists.c.o：在函数‘main’中：
CheckSymbolExists.c:(.text+0x1b)：对‘pthread_create’未定义的引用
collect2: error: ld returned 1 exit status
CMakeFiles/cmTC_11bee.dir/build.make:97: recipe for target 'cmTC_11bee' failed
make[4]: *** [cmTC_11bee] Error 1
make[4]: Leaving directory '/home/qqf/test_spchain/ex_sharding/deps/src/jsonrpccpp-build/CMakeFiles/CMakeTmp'
Makefile:126: recipe for target 'cmTC_11bee/fast' failed
make[3]: *** [cmTC_11bee/fast] Error 2
make[3]: Leaving directory '/home/qqf/test_spchain/ex_sharding/deps/src/jsonrpccpp-build/CMakeFiles/CMakeTmp'

File /home/qqf/test_spchain/ex_sharding/deps/src/jsonrpccpp-build/CMakeFiles/CMakeTmp/CheckSymbolExists.c:
/* */
#include <pthread.h>

int main(int argc, char** argv)
{
  (void)argv;
#ifndef pthread_create
  return ((int*)(&pthread_create))[argc];
#else
  (void)argc;
  return 0;
#endif
}

Determining if the function pthread_create exists in the pthreads failed with the following output:
Change Dir: /home/qqf/test_spchain/ex_sharding/deps/src/jsonrpccpp-build/CMakeFiles/CMakeTmp

Run Build Command:"/usr/bin/make" "cmTC_995ed/fast"
make[3]: Entering directory '/home/qqf/test_spchain/ex_sharding/deps/src/jsonrpccpp-build/CMakeFiles/CMakeTmp'
/usr/bin/make -f CMakeFiles/cmTC_995ed.dir/build.make CMakeFiles/cmTC_995ed.dir/build
make[4]: Entering directory '/home/qqf/test_spchain/ex_sharding/deps/src/jsonrpccpp-build/CMakeFiles/CMakeTmp'
Building C object CMakeFiles/cmTC_995ed.dir/CheckFunctionExists.c.o
/usr/bin/cc    -fvisibility=hidden -DCHECK_FUNCTION_EXISTS=pthread_create -fPIE   -o CMakeFiles/cmTC_995ed.dir/CheckFunctionExists.c.o   -c /usr/share/cmake-3.5/Modules/CheckFunctionExists.c
Linking C executable cmTC_995ed
/usr/bin/cmake -E cmake_link_script CMakeFiles/cmTC_995ed.dir/link.txt --verbose=1
/usr/bin/cc  -fvisibility=hidden -DCHECK_FUNCTION_EXISTS=pthread_create    CMakeFiles/cmTC_995ed.dir/CheckFunctionExists.c.o  -o cmTC_995ed -rdynamic -lpthreads 
/usr/bin/ld: 找不到 -lpthreads
collect2: error: ld returned 1 exit status
CMakeFiles/cmTC_995ed.dir/build.make:97: recipe for target 'cmTC_995ed' failed
make[4]: *** [cmTC_995ed] Error 1
make[4]: Leaving directory '/home/qqf/test_spchain/ex_sharding/deps/src/jsonrpccpp-build/CMakeFiles/CMakeTmp'
Makefile:126: recipe for target 'cmTC_995ed/fast' failed
make[3]: *** [cmTC_995ed/fast] Error 2
make[3]: Leaving directory '/home/qqf/test_spchain/ex_sharding/deps/src/jsonrpccpp-build/CMakeFiles/CMakeTmp'


